The system is: Linux - 3.13.0-24-generic - i686
Compiling the C compiler identification source file "CMakeCCompilerId.c" succeeded.
Compiler: /usr/bin/clang-3.5 
Build flags: 
Id flags: 

The output was:
0


Compilation of the C compiler identification source "CMakeCCompilerId.c" produced "a.out"

The C compiler identification is Clang, found in "/home/lgz/Documents/project/llvm-curvefit/build/CMakeFiles/2.8.12.2/CompilerIdC/a.out"

Compiling the CXX compiler identification source file "CMakeCXXCompilerId.cpp" succeeded.
Compiler: /usr/bin/clang++-3.5 
Build flags: 
Id flags: 

The output was:
0


Compilation of the CXX compiler identification source "CMakeCXXCompilerId.cpp" produced "a.out"

The CXX compiler identification is Clang, found in "/home/lgz/Documents/project/llvm-curvefit/build/CMakeFiles/2.8.12.2/CompilerIdCXX/a.out"

Determining if the C compiler works passed with the following output:
Change Dir: /home/lgz/Documents/project/llvm-curvefit/build/CMakeFiles/CMakeTmp

Run Build Command:/usr/bin/make "cmTryCompileExec371550091/fast"
/usr/bin/make -f CMakeFiles/cmTryCompileExec371550091.dir/build.make CMakeFiles/cmTryCompileExec371550091.dir/build
make[1]: Entering directory `/home/lgz/Documents/project/llvm-curvefit/build/CMakeFiles/CMakeTmp'
/usr/bin/cmake -E cmake_progress_report /home/lgz/Documents/project/llvm-curvefit/build/CMakeFiles/CMakeTmp/CMakeFiles 1
Building C object CMakeFiles/cmTryCompileExec371550091.dir/testCCompiler.c.o
/usr/bin/clang-3.5    -o CMakeFiles/cmTryCompileExec371550091.dir/testCCompiler.c.o   -c /home/lgz/Documents/project/llvm-curvefit/build/CMakeFiles/CMakeTmp/testCCompiler.c
Linking C executable cmTryCompileExec371550091
/usr/bin/cmake -E cmake_link_script CMakeFiles/cmTryCompileExec371550091.dir/link.txt --verbose=1
/usr/bin/clang-3.5       CMakeFiles/cmTryCompileExec371550091.dir/testCCompiler.c.o  -o cmTryCompileExec371550091 -rdynamic 
make[1]: Leaving directory `/home/lgz/Documents/project/llvm-curvefit/build/CMakeFiles/CMakeTmp'


Detecting C compiler ABI info compiled with the following output:
Change Dir: /home/lgz/Documents/project/llvm-curvefit/build/CMakeFiles/CMakeTmp

Run Build Command:/usr/bin/make "cmTryCompileExec2901403917/fast"
/usr/bin/make -f CMakeFiles/cmTryCompileExec2901403917.dir/build.make CMakeFiles/cmTryCompileExec2901403917.dir/build
make[1]: Entering directory `/home/lgz/Documents/project/llvm-curvefit/build/CMakeFiles/CMakeTmp'
/usr/bin/cmake -E cmake_progress_report /home/lgz/Documents/project/llvm-curvefit/build/CMakeFiles/CMakeTmp/CMakeFiles 1
Building C object CMakeFiles/cmTryCompileExec2901403917.dir/CMakeCCompilerABI.c.o
/usr/bin/clang-3.5    -o CMakeFiles/cmTryCompileExec2901403917.dir/CMakeCCompilerABI.c.o   -c /usr/share/cmake-2.8/Modules/CMakeCCompilerABI.c
Linking C executable cmTryCompileExec2901403917
/usr/bin/cmake -E cmake_link_script CMakeFiles/cmTryCompileExec2901403917.dir/link.txt --verbose=1
/usr/bin/clang-3.5     -v CMakeFiles/cmTryCompileExec2901403917.dir/CMakeCCompilerABI.c.o  -o cmTryCompileExec2901403917 -rdynamic  
Ubuntu clang version 3.5.0-svn217640-1~exp1 (branches/release_35) (based on LLVM 3.5.0)
Target: i386-pc-linux-gnu
Thread model: posix
Found candidate GCC installation: /usr/bin/../lib/gcc/i686-linux-gnu/4.7
Found candidate GCC installation: /usr/bin/../lib/gcc/i686-linux-gnu/4.7.3
Found candidate GCC installation: /usr/bin/../lib/gcc/i686-linux-gnu/4.8
Found candidate GCC installation: /usr/bin/../lib/gcc/i686-linux-gnu/4.8.2
Found candidate GCC installation: /usr/bin/../lib/gcc/i686-linux-gnu/4.9
Found candidate GCC installation: /usr/bin/../lib/gcc/i686-linux-gnu/4.9.0
Found candidate GCC installation: /usr/lib/gcc/i686-linux-gnu/4.7
Found candidate GCC installation: /usr/lib/gcc/i686-linux-gnu/4.7.3
Found candidate GCC installation: /usr/lib/gcc/i686-linux-gnu/4.8
Found candidate GCC installation: /usr/lib/gcc/i686-linux-gnu/4.8.2
Found candidate GCC installation: /usr/lib/gcc/i686-linux-gnu/4.9
Found candidate GCC installation: /usr/lib/gcc/i686-linux-gnu/4.9.0
Selected GCC installation: /usr/bin/../lib/gcc/i686-linux-gnu/4.8
Candidate multilib: .;@m32
Selected multilib: .;@m32
 "/usr/bin/ld" -export-dynamic -z relro --hash-style=gnu --build-id --eh-frame-hdr -m elf_i386 -dynamic-linker /lib/ld-linux.so.2 -o cmTryCompileExec2901403917 /usr/bin/../lib/gcc/i686-linux-gnu/4.8/../../../i386-linux-gnu/crt1.o /usr/bin/../lib/gcc/i686-linux-gnu/4.8/../../../i386-linux-gnu/crti.o /usr/bin/../lib/gcc/i686-linux-gnu/4.8/crtbegin.o -L/usr/bin/../lib/gcc/i686-linux-gnu/4.8 -L/usr/bin/../lib/gcc/i686-linux-gnu/4.8/../../../i386-linux-gnu -L/lib/i386-linux-gnu -L/usr/lib/i386-linux-gnu -L/usr/bin/../lib/gcc/i686-linux-gnu/4.8/../../.. -L/usr/lib/llvm-3.5/bin/../lib -L/lib -L/usr/lib CMakeFiles/cmTryCompileExec2901403917.dir/CMakeCCompilerABI.c.o -lgcc --as-needed -lgcc_s --no-as-needed -lc -lgcc --as-needed -lgcc_s --no-as-needed /usr/bin/../lib/gcc/i686-linux-gnu/4.8/crtend.o /usr/bin/../lib/gcc/i686-linux-gnu/4.8/../../../i386-linux-gnu/crtn.o
make[1]: Leaving directory `/home/lgz/Documents/project/llvm-curvefit/build/CMakeFiles/CMakeTmp'


Parsed C implicit link information from above output:
  link line regex: [^( *|.*[/\])(ld|([^/\]+-)?ld|collect2)[^/\]*( |$)]
  ignore line: [Change Dir: /home/lgz/Documents/project/llvm-curvefit/build/CMakeFiles/CMakeTmp]
  ignore line: []
  ignore line: [Run Build Command:/usr/bin/make "cmTryCompileExec2901403917/fast"]
  ignore line: [/usr/bin/make -f CMakeFiles/cmTryCompileExec2901403917.dir/build.make CMakeFiles/cmTryCompileExec2901403917.dir/build]
  ignore line: [make[1]: Entering directory `/home/lgz/Documents/project/llvm-curvefit/build/CMakeFiles/CMakeTmp']
  ignore line: [/usr/bin/cmake -E cmake_progress_report /home/lgz/Documents/project/llvm-curvefit/build/CMakeFiles/CMakeTmp/CMakeFiles 1]
  ignore line: [Building C object CMakeFiles/cmTryCompileExec2901403917.dir/CMakeCCompilerABI.c.o]
  ignore line: [/usr/bin/clang-3.5    -o CMakeFiles/cmTryCompileExec2901403917.dir/CMakeCCompilerABI.c.o   -c /usr/share/cmake-2.8/Modules/CMakeCCompilerABI.c]
  ignore line: [Linking C executable cmTryCompileExec2901403917]
  ignore line: [/usr/bin/cmake -E cmake_link_script CMakeFiles/cmTryCompileExec2901403917.dir/link.txt --verbose=1]
  ignore line: [/usr/bin/clang-3.5     -v CMakeFiles/cmTryCompileExec2901403917.dir/CMakeCCompilerABI.c.o  -o cmTryCompileExec2901403917 -rdynamic  ]
  ignore line: [Ubuntu clang version 3.5.0-svn217640-1~exp1 (branches/release_35) (based on LLVM 3.5.0)]
  ignore line: [Target: i386-pc-linux-gnu]
  ignore line: [Thread model: posix]
  ignore line: [Found candidate GCC installation: /usr/bin/../lib/gcc/i686-linux-gnu/4.7]
  ignore line: [Found candidate GCC installation: /usr/bin/../lib/gcc/i686-linux-gnu/4.7.3]
  ignore line: [Found candidate GCC installation: /usr/bin/../lib/gcc/i686-linux-gnu/4.8]
  ignore line: [Found candidate GCC installation: /usr/bin/../lib/gcc/i686-linux-gnu/4.8.2]
  ignore line: [Found candidate GCC installation: /usr/bin/../lib/gcc/i686-linux-gnu/4.9]
  ignore line: [Found candidate GCC installation: /usr/bin/../lib/gcc/i686-linux-gnu/4.9.0]
  ignore line: [Found candidate GCC installation: /usr/lib/gcc/i686-linux-gnu/4.7]
  ignore line: [Found candidate GCC installation: /usr/lib/gcc/i686-linux-gnu/4.7.3]
  ignore line: [Found candidate GCC installation: /usr/lib/gcc/i686-linux-gnu/4.8]
  ignore line: [Found candidate GCC installation: /usr/lib/gcc/i686-linux-gnu/4.8.2]
  ignore line: [Found candidate GCC installation: /usr/lib/gcc/i686-linux-gnu/4.9]
  ignore line: [Found candidate GCC installation: /usr/lib/gcc/i686-linux-gnu/4.9.0]
  ignore line: [Selected GCC installation: /usr/bin/../lib/gcc/i686-linux-gnu/4.8]
  ignore line: [Candidate multilib: .]
  ignore line: [@m32]
  ignore line: [Selected multilib: .]
  ignore line: [@m32]
  link line: [ "/usr/bin/ld" -export-dynamic -z relro --hash-style=gnu --build-id --eh-frame-hdr -m elf_i386 -dynamic-linker /lib/ld-linux.so.2 -o cmTryCompileExec2901403917 /usr/bin/../lib/gcc/i686-linux-gnu/4.8/../../../i386-linux-gnu/crt1.o /usr/bin/../lib/gcc/i686-linux-gnu/4.8/../../../i386-linux-gnu/crti.o /usr/bin/../lib/gcc/i686-linux-gnu/4.8/crtbegin.o -L/usr/bin/../lib/gcc/i686-linux-gnu/4.8 -L/usr/bin/../lib/gcc/i686-linux-gnu/4.8/../../../i386-linux-gnu -L/lib/i386-linux-gnu -L/usr/lib/i386-linux-gnu -L/usr/bin/../lib/gcc/i686-linux-gnu/4.8/../../.. -L/usr/lib/llvm-3.5/bin/../lib -L/lib -L/usr/lib CMakeFiles/cmTryCompileExec2901403917.dir/CMakeCCompilerABI.c.o -lgcc --as-needed -lgcc_s --no-as-needed -lc -lgcc --as-needed -lgcc_s --no-as-needed /usr/bin/../lib/gcc/i686-linux-gnu/4.8/crtend.o /usr/bin/../lib/gcc/i686-linux-gnu/4.8/../../../i386-linux-gnu/crtn.o]
    arg [/usr/bin/ld] ==> ignore
    arg [-export-dynamic] ==> ignore
    arg [-zrelro] ==> ignore
    arg [--hash-style=gnu] ==> ignore
    arg [--build-id] ==> ignore
    arg [--eh-frame-hdr] ==> ignore
    arg [-m] ==> ignore
    arg [elf_i386] ==> ignore
    arg [-dynamic-linker] ==> ignore
    arg [/lib/ld-linux.so.2] ==> ignore
    arg [-o] ==> ignore
    arg [cmTryCompileExec2901403917] ==> ignore
    arg [/usr/bin/../lib/gcc/i686-linux-gnu/4.8/../../../i386-linux-gnu/crt1.o] ==> ignore
    arg [/usr/bin/../lib/gcc/i686-linux-gnu/4.8/../../../i386-linux-gnu/crti.o] ==> ignore
    arg [/usr/bin/../lib/gcc/i686-linux-gnu/4.8/crtbegin.o] ==> ignore
    arg [-L/usr/bin/../lib/gcc/i686-linux-gnu/4.8] ==> dir [/usr/bin/../lib/gcc/i686-linux-gnu/4.8]
    arg [-L/usr/bin/../lib/gcc/i686-linux-gnu/4.8/../../../i386-linux-gnu] ==> dir [/usr/bin/../lib/gcc/i686-linux-gnu/4.8/../../../i386-linux-gnu]
    arg [-L/lib/i386-linux-gnu] ==> dir [/lib/i386-linux-gnu]
    arg [-L/usr/lib/i386-linux-gnu] ==> dir [/usr/lib/i386-linux-gnu]
    arg [-L/usr/bin/../lib/gcc/i686-linux-gnu/4.8/../../..] ==> dir [/usr/bin/../lib/gcc/i686-linux-gnu/4.8/../../..]
    arg [-L/usr/lib/llvm-3.5/bin/../lib] ==> dir [/usr/lib/llvm-3.5/bin/../lib]
    arg [-L/lib] ==> dir [/lib]
    arg [-L/usr/lib] ==> dir [/usr/lib]
    arg [CMakeFiles/cmTryCompileExec2901403917.dir/CMakeCCompilerABI.c.o] ==> ignore
    arg [-lgcc] ==> lib [gcc]
    arg [--as-needed] ==> ignore
    arg [-lgcc_s] ==> lib [gcc_s]
    arg [--no-as-needed] ==> ignore
    arg [-lc] ==> lib [c]
    arg [-lgcc] ==> lib [gcc]
    arg [--as-needed] ==> ignore
    arg [-lgcc_s] ==> lib [gcc_s]
    arg [--no-as-needed] ==> ignore
    arg [/usr/bin/../lib/gcc/i686-linux-gnu/4.8/crtend.o] ==> ignore
    arg [/usr/bin/../lib/gcc/i686-linux-gnu/4.8/../../../i386-linux-gnu/crtn.o] ==> ignore
  remove lib [gcc]
  remove lib [gcc_s]
  remove lib [gcc]
  remove lib [gcc_s]
  collapse library dir [/usr/bin/../lib/gcc/i686-linux-gnu/4.8] ==> [/usr/lib/gcc/i686-linux-gnu/4.8]
  collapse library dir [/usr/bin/../lib/gcc/i686-linux-gnu/4.8/../../../i386-linux-gnu] ==> [/usr/lib/i386-linux-gnu]
  collapse library dir [/lib/i386-linux-gnu] ==> [/lib/i386-linux-gnu]
  collapse library dir [/usr/lib/i386-linux-gnu] ==> [/usr/lib/i386-linux-gnu]
  collapse library dir [/usr/bin/../lib/gcc/i686-linux-gnu/4.8/../../..] ==> [/usr/lib]
  collapse library dir [/usr/lib/llvm-3.5/bin/../lib] ==> [/usr/lib/llvm-3.5/lib]
  collapse library dir [/lib] ==> [/lib]
  collapse library dir [/usr/lib] ==> [/usr/lib]
  implicit libs: [c]
  implicit dirs: [/usr/lib/gcc/i686-linux-gnu/4.8;/usr/lib/i386-linux-gnu;/lib/i386-linux-gnu;/usr/lib;/usr/lib/llvm-3.5/lib;/lib]
  implicit fwks: []


Determining if the CXX compiler works passed with the following output:
Change Dir: /home/lgz/Documents/project/llvm-curvefit/build/CMakeFiles/CMakeTmp

Run Build Command:/usr/bin/make "cmTryCompileExec3856742647/fast"
/usr/bin/make -f CMakeFiles/cmTryCompileExec3856742647.dir/build.make CMakeFiles/cmTryCompileExec3856742647.dir/build
make[1]: Entering directory `/home/lgz/Documents/project/llvm-curvefit/build/CMakeFiles/CMakeTmp'
/usr/bin/cmake -E cmake_progress_report /home/lgz/Documents/project/llvm-curvefit/build/CMakeFiles/CMakeTmp/CMakeFiles 1
Building CXX object CMakeFiles/cmTryCompileExec3856742647.dir/testCXXCompiler.cxx.o
/usr/bin/clang++-3.5     -o CMakeFiles/cmTryCompileExec3856742647.dir/testCXXCompiler.cxx.o -c /home/lgz/Documents/project/llvm-curvefit/build/CMakeFiles/CMakeTmp/testCXXCompiler.cxx
Linking CXX executable cmTryCompileExec3856742647
/usr/bin/cmake -E cmake_link_script CMakeFiles/cmTryCompileExec3856742647.dir/link.txt --verbose=1
/usr/bin/clang++-3.5        CMakeFiles/cmTryCompileExec3856742647.dir/testCXXCompiler.cxx.o  -o cmTryCompileExec3856742647 -rdynamic 
make[1]: Leaving directory `/home/lgz/Documents/project/llvm-curvefit/build/CMakeFiles/CMakeTmp'


Detecting CXX compiler ABI info compiled with the following output:
Change Dir: /home/lgz/Documents/project/llvm-curvefit/build/CMakeFiles/CMakeTmp

Run Build Command:/usr/bin/make "cmTryCompileExec191050902/fast"
/usr/bin/make -f CMakeFiles/cmTryCompileExec191050902.dir/build.make CMakeFiles/cmTryCompileExec191050902.dir/build
make[1]: Entering directory `/home/lgz/Documents/project/llvm-curvefit/build/CMakeFiles/CMakeTmp'
/usr/bin/cmake -E cmake_progress_report /home/lgz/Documents/project/llvm-curvefit/build/CMakeFiles/CMakeTmp/CMakeFiles 1
Building CXX object CMakeFiles/cmTryCompileExec191050902.dir/CMakeCXXCompilerABI.cpp.o
/usr/bin/clang++-3.5     -o CMakeFiles/cmTryCompileExec191050902.dir/CMakeCXXCompilerABI.cpp.o -c /usr/share/cmake-2.8/Modules/CMakeCXXCompilerABI.cpp
Linking CXX executable cmTryCompileExec191050902
/usr/bin/cmake -E cmake_link_script CMakeFiles/cmTryCompileExec191050902.dir/link.txt --verbose=1
/usr/bin/clang++-3.5      -v CMakeFiles/cmTryCompileExec191050902.dir/CMakeCXXCompilerABI.cpp.o  -o cmTryCompileExec191050902 -rdynamic  
Ubuntu clang version 3.5.0-svn217640-1~exp1 (branches/release_35) (based on LLVM 3.5.0)
Target: i386-pc-linux-gnu
Thread model: posix
Found candidate GCC installation: /usr/bin/../lib/gcc/i686-linux-gnu/4.7
Found candidate GCC installation: /usr/bin/../lib/gcc/i686-linux-gnu/4.7.3
Found candidate GCC installation: /usr/bin/../lib/gcc/i686-linux-gnu/4.8
Found candidate GCC installation: /usr/bin/../lib/gcc/i686-linux-gnu/4.8.2
Found candidate GCC installation: /usr/bin/../lib/gcc/i686-linux-gnu/4.9
Found candidate GCC installation: /usr/bin/../lib/gcc/i686-linux-gnu/4.9.0
Found candidate GCC installation: /usr/lib/gcc/i686-linux-gnu/4.7
Found candidate GCC installation: /usr/lib/gcc/i686-linux-gnu/4.7.3
Found candidate GCC installation: /usr/lib/gcc/i686-linux-gnu/4.8
Found candidate GCC installation: /usr/lib/gcc/i686-linux-gnu/4.8.2
Found candidate GCC installation: /usr/lib/gcc/i686-linux-gnu/4.9
Found candidate GCC installation: /usr/lib/gcc/i686-linux-gnu/4.9.0
Selected GCC installation: /usr/bin/../lib/gcc/i686-linux-gnu/4.8
Candidate multilib: .;@m32
Selected multilib: .;@m32
 "/usr/bin/ld" -export-dynamic -z relro --hash-style=gnu --build-id --eh-frame-hdr -m elf_i386 -dynamic-linker /lib/ld-linux.so.2 -o cmTryCompileExec191050902 /usr/bin/../lib/gcc/i686-linux-gnu/4.8/../../../i386-linux-gnu/crt1.o /usr/bin/../lib/gcc/i686-linux-gnu/4.8/../../../i386-linux-gnu/crti.o /usr/bin/../lib/gcc/i686-linux-gnu/4.8/crtbegin.o -L/usr/bin/../lib/gcc/i686-linux-gnu/4.8 -L/usr/bin/../lib/gcc/i686-linux-gnu/4.8/../../../i386-linux-gnu -L/lib/i386-linux-gnu -L/usr/lib/i386-linux-gnu -L/usr/bin/../lib/gcc/i686-linux-gnu/4.8/../../.. -L/usr/lib/llvm-3.5/bin/../lib -L/lib -L/usr/lib CMakeFiles/cmTryCompileExec191050902.dir/CMakeCXXCompilerABI.cpp.o -lstdc++ -lm -lgcc_s -lgcc -lc -lgcc_s -lgcc /usr/bin/../lib/gcc/i686-linux-gnu/4.8/crtend.o /usr/bin/../lib/gcc/i686-linux-gnu/4.8/../../../i386-linux-gnu/crtn.o
make[1]: Leaving directory `/home/lgz/Documents/project/llvm-curvefit/build/CMakeFiles/CMakeTmp'


Parsed CXX implicit link information from above output:
  link line regex: [^( *|.*[/\])(ld|([^/\]+-)?ld|collect2)[^/\]*( |$)]
  ignore line: [Change Dir: /home/lgz/Documents/project/llvm-curvefit/build/CMakeFiles/CMakeTmp]
  ignore line: []
  ignore line: [Run Build Command:/usr/bin/make "cmTryCompileExec191050902/fast"]
  ignore line: [/usr/bin/make -f CMakeFiles/cmTryCompileExec191050902.dir/build.make CMakeFiles/cmTryCompileExec191050902.dir/build]
  ignore line: [make[1]: Entering directory `/home/lgz/Documents/project/llvm-curvefit/build/CMakeFiles/CMakeTmp']
  ignore line: [/usr/bin/cmake -E cmake_progress_report /home/lgz/Documents/project/llvm-curvefit/build/CMakeFiles/CMakeTmp/CMakeFiles 1]
  ignore line: [Building CXX object CMakeFiles/cmTryCompileExec191050902.dir/CMakeCXXCompilerABI.cpp.o]
  ignore line: [/usr/bin/clang++-3.5     -o CMakeFiles/cmTryCompileExec191050902.dir/CMakeCXXCompilerABI.cpp.o -c /usr/share/cmake-2.8/Modules/CMakeCXXCompilerABI.cpp]
  ignore line: [Linking CXX executable cmTryCompileExec191050902]
  ignore line: [/usr/bin/cmake -E cmake_link_script CMakeFiles/cmTryCompileExec191050902.dir/link.txt --verbose=1]
  ignore line: [/usr/bin/clang++-3.5      -v CMakeFiles/cmTryCompileExec191050902.dir/CMakeCXXCompilerABI.cpp.o  -o cmTryCompileExec191050902 -rdynamic  ]
  ignore line: [Ubuntu clang version 3.5.0-svn217640-1~exp1 (branches/release_35) (based on LLVM 3.5.0)]
  ignore line: [Target: i386-pc-linux-gnu]
  ignore line: [Thread model: posix]
  ignore line: [Found candidate GCC installation: /usr/bin/../lib/gcc/i686-linux-gnu/4.7]
  ignore line: [Found candidate GCC installation: /usr/bin/../lib/gcc/i686-linux-gnu/4.7.3]
  ignore line: [Found candidate GCC installation: /usr/bin/../lib/gcc/i686-linux-gnu/4.8]
  ignore line: [Found candidate GCC installation: /usr/bin/../lib/gcc/i686-linux-gnu/4.8.2]
  ignore line: [Found candidate GCC installation: /usr/bin/../lib/gcc/i686-linux-gnu/4.9]
  ignore line: [Found candidate GCC installation: /usr/bin/../lib/gcc/i686-linux-gnu/4.9.0]
  ignore line: [Found candidate GCC installation: /usr/lib/gcc/i686-linux-gnu/4.7]
  ignore line: [Found candidate GCC installation: /usr/lib/gcc/i686-linux-gnu/4.7.3]
  ignore line: [Found candidate GCC installation: /usr/lib/gcc/i686-linux-gnu/4.8]
  ignore line: [Found candidate GCC installation: /usr/lib/gcc/i686-linux-gnu/4.8.2]
  ignore line: [Found candidate GCC installation: /usr/lib/gcc/i686-linux-gnu/4.9]
  ignore line: [Found candidate GCC installation: /usr/lib/gcc/i686-linux-gnu/4.9.0]
  ignore line: [Selected GCC installation: /usr/bin/../lib/gcc/i686-linux-gnu/4.8]
  ignore line: [Candidate multilib: .]
  ignore line: [@m32]
  ignore line: [Selected multilib: .]
  ignore line: [@m32]
  link line: [ "/usr/bin/ld" -export-dynamic -z relro --hash-style=gnu --build-id --eh-frame-hdr -m elf_i386 -dynamic-linker /lib/ld-linux.so.2 -o cmTryCompileExec191050902 /usr/bin/../lib/gcc/i686-linux-gnu/4.8/../../../i386-linux-gnu/crt1.o /usr/bin/../lib/gcc/i686-linux-gnu/4.8/../../../i386-linux-gnu/crti.o /usr/bin/../lib/gcc/i686-linux-gnu/4.8/crtbegin.o -L/usr/bin/../lib/gcc/i686-linux-gnu/4.8 -L/usr/bin/../lib/gcc/i686-linux-gnu/4.8/../../../i386-linux-gnu -L/lib/i386-linux-gnu -L/usr/lib/i386-linux-gnu -L/usr/bin/../lib/gcc/i686-linux-gnu/4.8/../../.. -L/usr/lib/llvm-3.5/bin/../lib -L/lib -L/usr/lib CMakeFiles/cmTryCompileExec191050902.dir/CMakeCXXCompilerABI.cpp.o -lstdc++ -lm -lgcc_s -lgcc -lc -lgcc_s -lgcc /usr/bin/../lib/gcc/i686-linux-gnu/4.8/crtend.o /usr/bin/../lib/gcc/i686-linux-gnu/4.8/../../../i386-linux-gnu/crtn.o]
    arg [/usr/bin/ld] ==> ignore
    arg [-export-dynamic] ==> ignore
    arg [-zrelro] ==> ignore
    arg [--hash-style=gnu] ==> ignore
    arg [--build-id] ==> ignore
    arg [--eh-frame-hdr] ==> ignore
    arg [-m] ==> ignore
    arg [elf_i386] ==> ignore
    arg [-dynamic-linker] ==> ignore
    arg [/lib/ld-linux.so.2] ==> ignore
    arg [-o] ==> ignore
    arg [cmTryCompileExec191050902] ==> ignore
    arg [/usr/bin/../lib/gcc/i686-linux-gnu/4.8/../../../i386-linux-gnu/crt1.o] ==> ignore
    arg [/usr/bin/../lib/gcc/i686-linux-gnu/4.8/../../../i386-linux-gnu/crti.o] ==> ignore
    arg [/usr/bin/../lib/gcc/i686-linux-gnu/4.8/crtbegin.o] ==> ignore
    arg [-L/usr/bin/../lib/gcc/i686-linux-gnu/4.8] ==> dir [/usr/bin/../lib/gcc/i686-linux-gnu/4.8]
    arg [-L/usr/bin/../lib/gcc/i686-linux-gnu/4.8/../../../i386-linux-gnu] ==> dir [/usr/bin/../lib/gcc/i686-linux-gnu/4.8/../../../i386-linux-gnu]
    arg [-L/lib/i386-linux-gnu] ==> dir [/lib/i386-linux-gnu]
    arg [-L/usr/lib/i386-linux-gnu] ==> dir [/usr/lib/i386-linux-gnu]
    arg [-L/usr/bin/../lib/gcc/i686-linux-gnu/4.8/../../..] ==> dir [/usr/bin/../lib/gcc/i686-linux-gnu/4.8/../../..]
    arg [-L/usr/lib/llvm-3.5/bin/../lib] ==> dir [/usr/lib/llvm-3.5/bin/../lib]
    arg [-L/lib] ==> dir [/lib]
    arg [-L/usr/lib] ==> dir [/usr/lib]
    arg [CMakeFiles/cmTryCompileExec191050902.dir/CMakeCXXCompilerABI.cpp.o] ==> ignore
    arg [-lstdc++] ==> lib [stdc++]
    arg [-lm] ==> lib [m]
    arg [-lgcc_s] ==> lib [gcc_s]
    arg [-lgcc] ==> lib [gcc]
    arg [-lc] ==> lib [c]
    arg [-lgcc_s] ==> lib [gcc_s]
    arg [-lgcc] ==> lib [gcc]
    arg [/usr/bin/../lib/gcc/i686-linux-gnu/4.8/crtend.o] ==> ignore
    arg [/usr/bin/../lib/gcc/i686-linux-gnu/4.8/../../../i386-linux-gnu/crtn.o] ==> ignore
  remove lib [gcc_s]
  remove lib [gcc]
  remove lib [gcc_s]
  remove lib [gcc]
  collapse library dir [/usr/bin/../lib/gcc/i686-linux-gnu/4.8] ==> [/usr/lib/gcc/i686-linux-gnu/4.8]
  collapse library dir [/usr/bin/../lib/gcc/i686-linux-gnu/4.8/../../../i386-linux-gnu] ==> [/usr/lib/i386-linux-gnu]
  collapse library dir [/lib/i386-linux-gnu] ==> [/lib/i386-linux-gnu]
  collapse library dir [/usr/lib/i386-linux-gnu] ==> [/usr/lib/i386-linux-gnu]
  collapse library dir [/usr/bin/../lib/gcc/i686-linux-gnu/4.8/../../..] ==> [/usr/lib]
  collapse library dir [/usr/lib/llvm-3.5/bin/../lib] ==> [/usr/lib/llvm-3.5/lib]
  collapse library dir [/lib] ==> [/lib]
  collapse library dir [/usr/lib] ==> [/usr/lib]
  implicit libs: [stdc++;m;c]
  implicit dirs: [/usr/lib/gcc/i686-linux-gnu/4.8;/usr/lib/i386-linux-gnu;/lib/i386-linux-gnu;/usr/lib;/usr/lib/llvm-3.5/lib;/lib]
  implicit fwks: []


